C:\USERS\IKEDA.TATSUYA\DESKTOP\SHUPURE\DX_SPPROJECT\DEBUG\CAMERADX.OBJ
C:\Users\ikeda.tatsuya\Desktop\shupure\DX_SPProject\Debug\cl.command.1.tlog
C:\Users\ikeda.tatsuya\Desktop\shupure\DX_SPProject\Debug\CL.read.1.tlog
C:\Users\ikeda.tatsuya\Desktop\shupure\DX_SPProject\Debug\CL.write.1.tlog
C:\USERS\IKEDA.TATSUYA\DESKTOP\SHUPURE\DX_SPPROJECT\DEBUG\CYLINDER.OBJ
C:\USERS\IKEDA.TATSUYA\DESKTOP\SHUPURE\DX_SPPROJECT\DEBUG\DEBUGPROC.OBJ
C:\USERS\IKEDA.TATSUYA\DESKTOP\SHUPURE\DX_SPPROJECT\DEBUG\DX_SPPROJECT.EXE
C:\USERS\IKEDA.TATSUYA\DESKTOP\SHUPURE\DX_SPPROJECT\DEBUG\DX_SPPROJECT.EXE.EMBED.MANIFEST
C:\USERS\IKEDA.TATSUYA\DESKTOP\SHUPURE\DX_SPPROJECT\DEBUG\DX_SPPROJECT.EXE.EMBED.MANIFEST.RES
C:\USERS\IKEDA.TATSUYA\DESKTOP\SHUPURE\DX_SPPROJECT\DEBUG\DX_SPPROJECT.EXE.INTERMEDIATE.MANIFEST
C:\USERS\IKEDA.TATSUYA\DESKTOP\SHUPURE\DX_SPPROJECT\DEBUG\DX_SPPROJECT.ILK
C:\USERS\IKEDA.TATSUYA\DESKTOP\SHUPURE\DX_SPPROJECT\DEBUG\DX_SPPROJECT.PDB
C:\Users\ikeda.tatsuya\Desktop\shupure\DX_SPProject\Debug\DX_SPProject_manifest.rc
C:\USERS\IKEDA.TATSUYA\DESKTOP\SHUPURE\DX_SPPROJECT\DEBUG\FADE.OBJ
C:\USERS\IKEDA.TATSUYA\DESKTOP\SHUPURE\DX_SPPROJECT\DEBUG\GAME.OBJ
C:\USERS\IKEDA.TATSUYA\DESKTOP\SHUPURE\DX_SPPROJECT\DEBUG\GAMETIME.OBJ
C:\USERS\IKEDA.TATSUYA\DESKTOP\SHUPURE\DX_SPPROJECT\DEBUG\INPUT.OBJ
C:\USERS\IKEDA.TATSUYA\DESKTOP\SHUPURE\DX_SPPROJECT\DEBUG\LIGHTDX.OBJ
C:\Users\ikeda.tatsuya\Desktop\shupure\DX_SPProject\Debug\link.10092.read.1.tlog
C:\Users\ikeda.tatsuya\Desktop\shupure\DX_SPProject\Debug\link.10092.write.1.tlog
C:\Users\ikeda.tatsuya\Desktop\shupure\DX_SPProject\Debug\link.10092-cvtres.read.1.tlog
C:\Users\ikeda.tatsuya\Desktop\shupure\DX_SPProject\Debug\link.10092-cvtres.write.1.tlog
C:\Users\ikeda.tatsuya\Desktop\shupure\DX_SPProject\Debug\link.10316.read.1.tlog
C:\Users\ikeda.tatsuya\Desktop\shupure\DX_SPProject\Debug\link.10316.write.1.tlog
C:\Users\ikeda.tatsuya\Desktop\shupure\DX_SPProject\Debug\link.10316-cvtres.read.1.tlog
C:\Users\ikeda.tatsuya\Desktop\shupure\DX_SPProject\Debug\link.10316-cvtres.write.1.tlog
C:\Users\ikeda.tatsuya\Desktop\shupure\DX_SPProject\Debug\link.10796.read.1.tlog
C:\Users\ikeda.tatsuya\Desktop\shupure\DX_SPProject\Debug\link.10796.write.1.tlog
C:\Users\ikeda.tatsuya\Desktop\shupure\DX_SPProject\Debug\link.10796-cvtres.read.1.tlog
C:\Users\ikeda.tatsuya\Desktop\shupure\DX_SPProject\Debug\link.10796-cvtres.write.1.tlog
C:\Users\ikeda.tatsuya\Desktop\shupure\DX_SPProject\Debug\link.10800.read.1.tlog
C:\Users\ikeda.tatsuya\Desktop\shupure\DX_SPProject\Debug\link.10800.write.1.tlog
C:\Users\ikeda.tatsuya\Desktop\shupure\DX_SPProject\Debug\link.10800-cvtres.read.1.tlog
C:\Users\ikeda.tatsuya\Desktop\shupure\DX_SPProject\Debug\link.10800-cvtres.write.1.tlog
C:\Users\ikeda.tatsuya\Desktop\shupure\DX_SPProject\Debug\link.10904.read.1.tlog
C:\Users\ikeda.tatsuya\Desktop\shupure\DX_SPProject\Debug\link.10904.write.1.tlog
C:\Users\ikeda.tatsuya\Desktop\shupure\DX_SPProject\Debug\link.10904-cvtres.read.1.tlog
C:\Users\ikeda.tatsuya\Desktop\shupure\DX_SPProject\Debug\link.10904-cvtres.write.1.tlog
C:\Users\ikeda.tatsuya\Desktop\shupure\DX_SPProject\Debug\link.10992.read.1.tlog
C:\Users\ikeda.tatsuya\Desktop\shupure\DX_SPProject\Debug\link.10992.write.1.tlog
C:\Users\ikeda.tatsuya\Desktop\shupure\DX_SPProject\Debug\link.10992-cvtres.read.1.tlog
C:\Users\ikeda.tatsuya\Desktop\shupure\DX_SPProject\Debug\link.10992-cvtres.write.1.tlog
C:\Users\ikeda.tatsuya\Desktop\shupure\DX_SPProject\Debug\link.1380.read.1.tlog
C:\Users\ikeda.tatsuya\Desktop\shupure\DX_SPProject\Debug\link.1380.write.1.tlog
C:\Users\ikeda.tatsuya\Desktop\shupure\DX_SPProject\Debug\link.1380-cvtres.read.1.tlog
C:\Users\ikeda.tatsuya\Desktop\shupure\DX_SPProject\Debug\link.1380-cvtres.write.1.tlog
C:\Users\ikeda.tatsuya\Desktop\shupure\DX_SPProject\Debug\link.2772.read.1.tlog
C:\Users\ikeda.tatsuya\Desktop\shupure\DX_SPProject\Debug\link.2772.write.1.tlog
C:\Users\ikeda.tatsuya\Desktop\shupure\DX_SPProject\Debug\link.2772-cvtres.read.1.tlog
C:\Users\ikeda.tatsuya\Desktop\shupure\DX_SPProject\Debug\link.2772-cvtres.write.1.tlog
C:\Users\ikeda.tatsuya\Desktop\shupure\DX_SPProject\Debug\link.6024.read.1.tlog
C:\Users\ikeda.tatsuya\Desktop\shupure\DX_SPProject\Debug\link.6024.write.1.tlog
C:\Users\ikeda.tatsuya\Desktop\shupure\DX_SPProject\Debug\link.6024-cvtres.read.1.tlog
C:\Users\ikeda.tatsuya\Desktop\shupure\DX_SPProject\Debug\link.6024-cvtres.write.1.tlog
C:\Users\ikeda.tatsuya\Desktop\shupure\DX_SPProject\Debug\link.6576.read.1.tlog
C:\Users\ikeda.tatsuya\Desktop\shupure\DX_SPProject\Debug\link.6576.write.1.tlog
C:\Users\ikeda.tatsuya\Desktop\shupure\DX_SPProject\Debug\link.6576-cvtres.read.1.tlog
C:\Users\ikeda.tatsuya\Desktop\shupure\DX_SPProject\Debug\link.6576-cvtres.write.1.tlog
C:\Users\ikeda.tatsuya\Desktop\shupure\DX_SPProject\Debug\link.6660.read.1.tlog
C:\Users\ikeda.tatsuya\Desktop\shupure\DX_SPProject\Debug\link.6660.write.1.tlog
C:\Users\ikeda.tatsuya\Desktop\shupure\DX_SPProject\Debug\link.6660-cvtres.read.1.tlog
C:\Users\ikeda.tatsuya\Desktop\shupure\DX_SPProject\Debug\link.6660-cvtres.write.1.tlog
C:\Users\ikeda.tatsuya\Desktop\shupure\DX_SPProject\Debug\link.6864.read.1.tlog
C:\Users\ikeda.tatsuya\Desktop\shupure\DX_SPProject\Debug\link.6864.write.1.tlog
C:\Users\ikeda.tatsuya\Desktop\shupure\DX_SPProject\Debug\link.6864-cvtres.read.1.tlog
C:\Users\ikeda.tatsuya\Desktop\shupure\DX_SPProject\Debug\link.6864-cvtres.write.1.tlog
C:\Users\ikeda.tatsuya\Desktop\shupure\DX_SPProject\Debug\link.6876.read.1.tlog
C:\Users\ikeda.tatsuya\Desktop\shupure\DX_SPProject\Debug\link.6876.write.1.tlog
C:\Users\ikeda.tatsuya\Desktop\shupure\DX_SPProject\Debug\link.6876-cvtres.read.1.tlog
C:\Users\ikeda.tatsuya\Desktop\shupure\DX_SPProject\Debug\link.6876-cvtres.write.1.tlog
C:\Users\ikeda.tatsuya\Desktop\shupure\DX_SPProject\Debug\link.6884.read.1.tlog
C:\Users\ikeda.tatsuya\Desktop\shupure\DX_SPProject\Debug\link.6884.write.1.tlog
C:\Users\ikeda.tatsuya\Desktop\shupure\DX_SPProject\Debug\link.6884-cvtres.read.1.tlog
C:\Users\ikeda.tatsuya\Desktop\shupure\DX_SPProject\Debug\link.6884-cvtres.write.1.tlog
C:\Users\ikeda.tatsuya\Desktop\shupure\DX_SPProject\Debug\link.696.read.1.tlog
C:\Users\ikeda.tatsuya\Desktop\shupure\DX_SPProject\Debug\link.696.write.1.tlog
C:\Users\ikeda.tatsuya\Desktop\shupure\DX_SPProject\Debug\link.696-cvtres.read.1.tlog
C:\Users\ikeda.tatsuya\Desktop\shupure\DX_SPProject\Debug\link.696-cvtres.write.1.tlog
C:\Users\ikeda.tatsuya\Desktop\shupure\DX_SPProject\Debug\link.7628.read.1.tlog
C:\Users\ikeda.tatsuya\Desktop\shupure\DX_SPProject\Debug\link.7628.write.1.tlog
C:\Users\ikeda.tatsuya\Desktop\shupure\DX_SPProject\Debug\link.7628-cvtres.read.1.tlog
C:\Users\ikeda.tatsuya\Desktop\shupure\DX_SPProject\Debug\link.7628-cvtres.write.1.tlog
C:\Users\ikeda.tatsuya\Desktop\shupure\DX_SPProject\Debug\link.7672.read.1.tlog
C:\Users\ikeda.tatsuya\Desktop\shupure\DX_SPProject\Debug\link.7672.write.1.tlog
C:\Users\ikeda.tatsuya\Desktop\shupure\DX_SPProject\Debug\link.7672-cvtres.read.1.tlog
C:\Users\ikeda.tatsuya\Desktop\shupure\DX_SPProject\Debug\link.7672-cvtres.write.1.tlog
C:\Users\ikeda.tatsuya\Desktop\shupure\DX_SPProject\Debug\link.7868.read.1.tlog
C:\Users\ikeda.tatsuya\Desktop\shupure\DX_SPProject\Debug\link.7868.write.1.tlog
C:\Users\ikeda.tatsuya\Desktop\shupure\DX_SPProject\Debug\link.7868-cvtres.read.1.tlog
C:\Users\ikeda.tatsuya\Desktop\shupure\DX_SPProject\Debug\link.7868-cvtres.write.1.tlog
C:\Users\ikeda.tatsuya\Desktop\shupure\DX_SPProject\Debug\link.8016.read.1.tlog
C:\Users\ikeda.tatsuya\Desktop\shupure\DX_SPProject\Debug\link.8016.write.1.tlog
C:\Users\ikeda.tatsuya\Desktop\shupure\DX_SPProject\Debug\link.8016-cvtres.read.1.tlog
C:\Users\ikeda.tatsuya\Desktop\shupure\DX_SPProject\Debug\link.8016-cvtres.write.1.tlog
C:\Users\ikeda.tatsuya\Desktop\shupure\DX_SPProject\Debug\link.8248.read.1.tlog
C:\Users\ikeda.tatsuya\Desktop\shupure\DX_SPProject\Debug\link.8248.write.1.tlog
C:\Users\ikeda.tatsuya\Desktop\shupure\DX_SPProject\Debug\link.8248-cvtres.read.1.tlog
C:\Users\ikeda.tatsuya\Desktop\shupure\DX_SPProject\Debug\link.8248-cvtres.write.1.tlog
C:\Users\ikeda.tatsuya\Desktop\shupure\DX_SPProject\Debug\link.9516.read.1.tlog
C:\Users\ikeda.tatsuya\Desktop\shupure\DX_SPProject\Debug\link.9516.write.1.tlog
C:\Users\ikeda.tatsuya\Desktop\shupure\DX_SPProject\Debug\link.9516-cvtres.read.1.tlog
C:\Users\ikeda.tatsuya\Desktop\shupure\DX_SPProject\Debug\link.9516-cvtres.write.1.tlog
C:\Users\ikeda.tatsuya\Desktop\shupure\DX_SPProject\Debug\link.984.read.1.tlog
C:\Users\ikeda.tatsuya\Desktop\shupure\DX_SPProject\Debug\link.984.write.1.tlog
C:\Users\ikeda.tatsuya\Desktop\shupure\DX_SPProject\Debug\link.984-cvtres.read.1.tlog
C:\Users\ikeda.tatsuya\Desktop\shupure\DX_SPProject\Debug\link.984-cvtres.write.1.tlog
C:\Users\ikeda.tatsuya\Desktop\shupure\DX_SPProject\Debug\link.9972.read.1.tlog
C:\Users\ikeda.tatsuya\Desktop\shupure\DX_SPProject\Debug\link.9972.write.1.tlog
C:\Users\ikeda.tatsuya\Desktop\shupure\DX_SPProject\Debug\link.9972-cvtres.read.1.tlog
C:\Users\ikeda.tatsuya\Desktop\shupure\DX_SPProject\Debug\link.9972-cvtres.write.1.tlog
C:\Users\ikeda.tatsuya\Desktop\shupure\DX_SPProject\Debug\link.command.1.tlog
C:\Users\ikeda.tatsuya\Desktop\shupure\DX_SPProject\Debug\link.read.1.tlog
C:\Users\ikeda.tatsuya\Desktop\shupure\DX_SPProject\Debug\link.write.1.tlog
C:\Users\ikeda.tatsuya\Desktop\shupure\DX_SPProject\Debug\link-cvtres.read.1.tlog
C:\Users\ikeda.tatsuya\Desktop\shupure\DX_SPProject\Debug\link-cvtres.write.1.tlog
C:\USERS\IKEDA.TATSUYA\DESKTOP\SHUPURE\DX_SPPROJECT\DEBUG\MAIN.OBJ
C:\USERS\IKEDA.TATSUYA\DESKTOP\SHUPURE\DX_SPPROJECT\DEBUG\MANAGER.OBJ
C:\USERS\IKEDA.TATSUYA\DESKTOP\SHUPURE\DX_SPPROJECT\DEBUG\MESHFIELD.OBJ
C:\USERS\IKEDA.TATSUYA\DESKTOP\SHUPURE\DX_SPPROJECT\DEBUG\MODEL.OBJ
C:\Users\ikeda.tatsuya\Desktop\shupure\DX_SPProject\Debug\mt.command.1.tlog
C:\Users\ikeda.tatsuya\Desktop\shupure\DX_SPProject\Debug\mt.read.1.tlog
C:\Users\ikeda.tatsuya\Desktop\shupure\DX_SPProject\Debug\mt.write.1.tlog
C:\USERS\IKEDA.TATSUYA\DESKTOP\SHUPURE\DX_SPPROJECT\DEBUG\NUMBER.OBJ
C:\USERS\IKEDA.TATSUYA\DESKTOP\SHUPURE\DX_SPPROJECT\DEBUG\ORBIT.OBJ
C:\USERS\IKEDA.TATSUYA\DESKTOP\SHUPURE\DX_SPPROJECT\DEBUG\PLAYER.OBJ
C:\USERS\IKEDA.TATSUYA\DESKTOP\SHUPURE\DX_SPPROJECT\DEBUG\RAIL.OBJ
C:\USERS\IKEDA.TATSUYA\DESKTOP\SHUPURE\DX_SPPROJECT\DEBUG\RAILLINE.OBJ
C:\Users\ikeda.tatsuya\Desktop\shupure\DX_SPProject\Debug\rc.command.1.tlog
C:\Users\ikeda.tatsuya\Desktop\shupure\DX_SPProject\Debug\rc.read.1.tlog
C:\Users\ikeda.tatsuya\Desktop\shupure\DX_SPProject\Debug\rc.write.1.tlog
C:\USERS\IKEDA.TATSUYA\DESKTOP\SHUPURE\DX_SPPROJECT\DEBUG\READFILE.OBJ
C:\USERS\IKEDA.TATSUYA\DESKTOP\SHUPURE\DX_SPPROJECT\DEBUG\RENDERERDX.OBJ
C:\USERS\IKEDA.TATSUYA\DESKTOP\SHUPURE\DX_SPPROJECT\DEBUG\RESULT.OBJ
C:\USERS\IKEDA.TATSUYA\DESKTOP\SHUPURE\DX_SPPROJECT\DEBUG\SCENE2DDX.OBJ
C:\USERS\IKEDA.TATSUYA\DESKTOP\SHUPURE\DX_SPPROJECT\DEBUG\SCENE3DDX.OBJ
C:\USERS\IKEDA.TATSUYA\DESKTOP\SHUPURE\DX_SPPROJECT\DEBUG\SCENEBILLBOARDDX.OBJ
C:\USERS\IKEDA.TATSUYA\DESKTOP\SHUPURE\DX_SPPROJECT\DEBUG\SCENEDX.OBJ
C:\USERS\IKEDA.TATSUYA\DESKTOP\SHUPURE\DX_SPPROJECT\DEBUG\SCENEXDX.OBJ
C:\USERS\IKEDA.TATSUYA\DESKTOP\SHUPURE\DX_SPPROJECT\DEBUG\SKYBOX.OBJ
C:\USERS\IKEDA.TATSUYA\DESKTOP\SHUPURE\DX_SPPROJECT\DEBUG\SOUND.OBJ
C:\USERS\IKEDA.TATSUYA\DESKTOP\SHUPURE\DX_SPPROJECT\DEBUG\TITLE.OBJ
C:\USERS\IKEDA.TATSUYA\DESKTOP\SHUPURE\DX_SPPROJECT\DEBUG\TUTORIAL.OBJ
C:\Users\ikeda.tatsuya\Desktop\shupure\DX_SPProject\Debug\vc100.idb
C:\USERS\IKEDA.TATSUYA\DESKTOP\SHUPURE\DX_SPPROJECT\DEBUG\VC100.PDB
